<?xml version="1.0" encoding="UTF-8"?>
<TestRun id="3a8da0cd-bb2a-4755-81d3-5b006f4a271e" name="loli@PCSOR331 2015-03-18 19:21:43" runUser="GFT\loli" xmlns="http://microsoft.com/schemas/VisualStudio/TeamTest/2010">
  <TestSettings name="Default Test Settings" id="4989c09c-4337-4e1a-8670-47abe13fcb92">
    <Execution>
      <TestTypeSpecific />
      <AgentRule name="Execution Agents">
      </AgentRule>
    </Execution>
    <Deployment runDeploymentRoot="loli_PCSOR331 2015-03-18 19_21_43" />
    <Properties />
  </TestSettings>
  <Times creation="2015-03-18T19:21:43.8411856-03:00" queuing="2015-03-18T19:21:44.2161756-03:00" start="2015-03-18T19:21:44.2943015-03:00" finish="2015-03-18T19:21:44.6844962-03:00" />
  <ResultSummary outcome="Failed">
    <Counters total="10" executed="10" passed="9" error="0" failed="1" timeout="0" aborted="0" inconclusive="0" passedButRunAborted="0" notRunnable="0" notExecuted="0" disconnected="0" warning="0" completed="0" inProgress="0" pending="0" />
  </ResultSummary>
  <TestDefinitions>
    <UnitTest name="UnrepeatedOrderedNightErrorTest" storage="c:\projetos\grosvenor\praticum\praticum\praticum.tests\bin\release\praticum.tests.dll" id="c21e4aa6-d44b-402b-e3c0-d2569c57175c">
      <Execution id="79b5f49a-771c-45bc-bf54-5fc3ea149cca" />
      <TestMethod codeBase="C:/Projetos/Grosvenor/Praticum/Praticum/Praticum.Tests/bin/Release/Praticum.Tests.DLL" adapterTypeName="Microsoft.VisualStudio.TestTools.TestTypes.Unit.UnitTestAdapter, Microsoft.VisualStudio.QualityTools.Tips.UnitTest.Adapter, Version=12.0.0.0, Culture=neutral, PublicKeyToken=b03f5f7f11d50a3a" className="Praticum.Tests.InOrderToValidateNightOrders, Praticum.Tests, Version=1.0.0.0, Culture=neutral, PublicKeyToken=null" name="UnrepeatedOrderedNightErrorTest" />
    </UnitTest>
    <UnitTest name="When_IsMorningAndOrder123_Then_ReturnEggsToastCoffee" storage="c:\projetos\grosvenor\praticum\praticum\praticum.tests\bin\release\praticum.tests.dll" id="eb0d91af-82a7-6a3a-44d0-f0ec78821f53">
      <Execution id="48961090-9b8a-42e5-a057-122e0ba9c869" />
      <TestMethod codeBase="C:/Projetos/Grosvenor/Praticum/Praticum/Praticum.Tests/bin/Release/Praticum.Tests.DLL" adapterTypeName="Microsoft.VisualStudio.TestTools.TestTypes.Unit.UnitTestAdapter, Microsoft.VisualStudio.QualityTools.Tips.UnitTest.Adapter, Version=12.0.0.0, Culture=neutral, PublicKeyToken=b03f5f7f11d50a3a" className="Praticum.Tests.InOrderToValidateMorningOrders, Praticum.Tests, Version=1.0.0.0, Culture=neutral, PublicKeyToken=null" name="When_IsMorningAndOrder123_Then_ReturnEggsToastCoffee" />
    </UnitTest>
    <UnitTest name="When_IsMorningAndOrder12333_Then_ReturnEggsToastCoffee3Times" storage="c:\projetos\grosvenor\praticum\praticum\praticum.tests\bin\release\praticum.tests.dll" id="471da420-249d-8cc6-4731-bf2f6614b3c2">
      <Execution id="04561c48-4083-4894-9ba2-c8987f50a8ed" />
      <TestMethod codeBase="C:/Projetos/Grosvenor/Praticum/Praticum/Praticum.Tests/bin/Release/Praticum.Tests.DLL" adapterTypeName="Microsoft.VisualStudio.TestTools.TestTypes.Unit.UnitTestAdapter, Microsoft.VisualStudio.QualityTools.Tips.UnitTest.Adapter, Version=12.0.0.0, Culture=neutral, PublicKeyToken=b03f5f7f11d50a3a" className="Praticum.Tests.InOrderToValidateMorningOrders, Praticum.Tests, Version=1.0.0.0, Culture=neutral, PublicKeyToken=null" name="When_IsMorningAndOrder12333_Then_ReturnEggsToastCoffee3Times" />
    </UnitTest>
    <UnitTest name="RepeatedWineOrderedNightErrorTest" storage="c:\projetos\grosvenor\praticum\praticum\praticum.tests\bin\release\praticum.tests.dll" id="3da75b6a-308c-95cc-2c27-37973a12a4fb">
      <Execution id="bf193b68-ae17-4dad-bfbb-32ec23b1d6bb" />
      <TestMethod codeBase="C:/Projetos/Grosvenor/Praticum/Praticum/Praticum.Tests/bin/Release/Praticum.Tests.DLL" adapterTypeName="Microsoft.VisualStudio.TestTools.TestTypes.Unit.UnitTestAdapter, Microsoft.VisualStudio.QualityTools.Tips.UnitTest.Adapter, Version=12.0.0.0, Culture=neutral, PublicKeyToken=b03f5f7f11d50a3a" className="Praticum.Tests.InOrderToValidateNightOrders, Praticum.Tests, Version=1.0.0.0, Culture=neutral, PublicKeyToken=null" name="RepeatedWineOrderedNightErrorTest" />
    </UnitTest>
    <UnitTest name="When_IsMorningAndOrder12233_Then_ReturnEggsToastError" storage="c:\projetos\grosvenor\praticum\praticum\praticum.tests\bin\release\praticum.tests.dll" id="c4c31601-82eb-599e-5516-d0af4bc4946c">
      <Execution id="52077e3a-9547-4fbf-bfcc-1c2ce247525f" />
      <TestMethod codeBase="C:/Projetos/Grosvenor/Praticum/Praticum/Praticum.Tests/bin/Release/Praticum.Tests.DLL" adapterTypeName="Microsoft.VisualStudio.TestTools.TestTypes.Unit.UnitTestAdapter, Microsoft.VisualStudio.QualityTools.Tips.UnitTest.Adapter, Version=12.0.0.0, Culture=neutral, PublicKeyToken=b03f5f7f11d50a3a" className="Praticum.Tests.InOrderToValidateMorningOrders, Praticum.Tests, Version=1.0.0.0, Culture=neutral, PublicKeyToken=null" name="When_IsMorningAndOrder12233_Then_ReturnEggsToastError" />
    </UnitTest>
    <UnitTest name="RepeatedPotatoOrderedNightTest" storage="c:\projetos\grosvenor\praticum\praticum\praticum.tests\bin\release\praticum.tests.dll" id="77c918b4-2903-f5f9-3357-e8491cde15df">
      <Execution id="3c484ce3-1c3d-48f4-aa5f-ea7de997ecea" />
      <TestMethod codeBase="C:/Projetos/Grosvenor/Praticum/Praticum/Praticum.Tests/bin/Release/Praticum.Tests.DLL" adapterTypeName="Microsoft.VisualStudio.TestTools.TestTypes.Unit.UnitTestAdapter, Microsoft.VisualStudio.QualityTools.Tips.UnitTest.Adapter, Version=12.0.0.0, Culture=neutral, PublicKeyToken=b03f5f7f11d50a3a" className="Praticum.Tests.InOrderToValidateNightOrders, Praticum.Tests, Version=1.0.0.0, Culture=neutral, PublicKeyToken=null" name="RepeatedPotatoOrderedNightTest" />
    </UnitTest>
    <UnitTest name="When_IsMorningAndOrder213_Then_ReturnEggsToastCoffee" storage="c:\projetos\grosvenor\praticum\praticum\praticum.tests\bin\release\praticum.tests.dll" id="6446eb85-c84b-7f5c-9491-b07980bb1cdc">
      <Execution id="c68e509f-4abe-42ee-917f-a22b7b974c75" />
      <TestMethod codeBase="C:/Projetos/Grosvenor/Praticum/Praticum/Praticum.Tests/bin/Release/Praticum.Tests.DLL" adapterTypeName="Microsoft.VisualStudio.TestTools.TestTypes.Unit.UnitTestAdapter, Microsoft.VisualStudio.QualityTools.Tips.UnitTest.Adapter, Version=12.0.0.0, Culture=neutral, PublicKeyToken=b03f5f7f11d50a3a" className="Praticum.Tests.InOrderToValidateMorningOrders, Praticum.Tests, Version=1.0.0.0, Culture=neutral, PublicKeyToken=null" name="When_IsMorningAndOrder213_Then_ReturnEggsToastCoffee" />
    </UnitTest>
    <UnitTest name="When_IsMorningAndOrder1234_Then_ReturnEggsToastCoffeeError" storage="c:\projetos\grosvenor\praticum\praticum\praticum.tests\bin\release\praticum.tests.dll" id="d590dfd1-8fa7-f5ec-9b0e-438c582f795a">
      <Execution id="2b41759c-2d02-4ae9-a92f-8bbdad838057" />
      <TestMethod codeBase="C:/Projetos/Grosvenor/Praticum/Praticum/Praticum.Tests/bin/Release/Praticum.Tests.DLL" adapterTypeName="Microsoft.VisualStudio.TestTools.TestTypes.Unit.UnitTestAdapter, Microsoft.VisualStudio.QualityTools.Tips.UnitTest.Adapter, Version=12.0.0.0, Culture=neutral, PublicKeyToken=b03f5f7f11d50a3a" className="Praticum.Tests.InOrderToValidateMorningOrders, Praticum.Tests, Version=1.0.0.0, Culture=neutral, PublicKeyToken=null" name="When_IsMorningAndOrder1234_Then_ReturnEggsToastCoffeeError" />
    </UnitTest>
    <UnitTest name="When_IsNightAndOrder1234_Then_ReturnSteakPotatoWineCake" storage="c:\projetos\grosvenor\praticum\praticum\praticum.tests\bin\release\praticum.tests.dll" id="ff297ed4-63fd-ce82-d966-cc1c01647b2e">
      <Execution id="a044d158-41ae-405f-b76a-db37712b424c" />
      <TestMethod codeBase="C:/Projetos/Grosvenor/Praticum/Praticum/Praticum.Tests/bin/Release/Praticum.Tests.DLL" adapterTypeName="Microsoft.VisualStudio.TestTools.TestTypes.Unit.UnitTestAdapter, Microsoft.VisualStudio.QualityTools.Tips.UnitTest.Adapter, Version=12.0.0.0, Culture=neutral, PublicKeyToken=b03f5f7f11d50a3a" className="Praticum.Tests.InOrderToValidateNightOrders, Praticum.Tests, Version=1.0.0.0, Culture=neutral, PublicKeyToken=null" name="When_IsNightAndOrder1234_Then_ReturnSteakPotatoWineCake" />
    </UnitTest>
    <UnitTest name="RepeatedSteakOrderedNightErrorTest" storage="c:\projetos\grosvenor\praticum\praticum\praticum.tests\bin\release\praticum.tests.dll" id="6a22d16e-444e-b70d-c09f-b2b85989c62d">
      <Execution id="0b83a6d4-1825-4d03-bc20-07d01c2e9c7b" />
      <TestMethod codeBase="C:/Projetos/Grosvenor/Praticum/Praticum/Praticum.Tests/bin/Release/Praticum.Tests.DLL" adapterTypeName="Microsoft.VisualStudio.TestTools.TestTypes.Unit.UnitTestAdapter, Microsoft.VisualStudio.QualityTools.Tips.UnitTest.Adapter, Version=12.0.0.0, Culture=neutral, PublicKeyToken=b03f5f7f11d50a3a" className="Praticum.Tests.InOrderToValidateNightOrders, Praticum.Tests, Version=1.0.0.0, Culture=neutral, PublicKeyToken=null" name="RepeatedSteakOrderedNightErrorTest" />
    </UnitTest>
  </TestDefinitions>
  <TestLists>
    <TestList name="Results Not in a List" id="8c84fa94-04c1-424b-9868-57a2d4851a1d" />
    <TestList name="All Loaded Results" id="19431567-8539-422a-85d7-44ee4e166bda" />
  </TestLists>
  <TestEntries>
    <TestEntry testId="c4c31601-82eb-599e-5516-d0af4bc4946c" executionId="52077e3a-9547-4fbf-bfcc-1c2ce247525f" testListId="8c84fa94-04c1-424b-9868-57a2d4851a1d" />
    <TestEntry testId="eb0d91af-82a7-6a3a-44d0-f0ec78821f53" executionId="48961090-9b8a-42e5-a057-122e0ba9c869" testListId="8c84fa94-04c1-424b-9868-57a2d4851a1d" />
    <TestEntry testId="471da420-249d-8cc6-4731-bf2f6614b3c2" executionId="04561c48-4083-4894-9ba2-c8987f50a8ed" testListId="8c84fa94-04c1-424b-9868-57a2d4851a1d" />
    <TestEntry testId="d590dfd1-8fa7-f5ec-9b0e-438c582f795a" executionId="2b41759c-2d02-4ae9-a92f-8bbdad838057" testListId="8c84fa94-04c1-424b-9868-57a2d4851a1d" />
    <TestEntry testId="6446eb85-c84b-7f5c-9491-b07980bb1cdc" executionId="c68e509f-4abe-42ee-917f-a22b7b974c75" testListId="8c84fa94-04c1-424b-9868-57a2d4851a1d" />
    <TestEntry testId="77c918b4-2903-f5f9-3357-e8491cde15df" executionId="3c484ce3-1c3d-48f4-aa5f-ea7de997ecea" testListId="8c84fa94-04c1-424b-9868-57a2d4851a1d" />
    <TestEntry testId="6a22d16e-444e-b70d-c09f-b2b85989c62d" executionId="0b83a6d4-1825-4d03-bc20-07d01c2e9c7b" testListId="8c84fa94-04c1-424b-9868-57a2d4851a1d" />
    <TestEntry testId="3da75b6a-308c-95cc-2c27-37973a12a4fb" executionId="bf193b68-ae17-4dad-bfbb-32ec23b1d6bb" testListId="8c84fa94-04c1-424b-9868-57a2d4851a1d" />
    <TestEntry testId="c21e4aa6-d44b-402b-e3c0-d2569c57175c" executionId="79b5f49a-771c-45bc-bf54-5fc3ea149cca" testListId="8c84fa94-04c1-424b-9868-57a2d4851a1d" />
    <TestEntry testId="ff297ed4-63fd-ce82-d966-cc1c01647b2e" executionId="a044d158-41ae-405f-b76a-db37712b424c" testListId="8c84fa94-04c1-424b-9868-57a2d4851a1d" />
  </TestEntries>
  <Results>
    <UnitTestResult executionId="52077e3a-9547-4fbf-bfcc-1c2ce247525f" testId="c4c31601-82eb-599e-5516-d0af4bc4946c" testName="When_IsMorningAndOrder12233_Then_ReturnEggsToastError" computerName="PCSOR331" duration="00:00:00.0393878" startTime="2015-03-18T19:21:44.3255545-03:00" endTime="2015-03-18T19:21:44.5751447-03:00" testType="13cdc9d9-ddb5-4fa4-a97d-d965ccfc6d4b" outcome="Passed" testListId="8c84fa94-04c1-424b-9868-57a2d4851a1d" relativeResultsDirectory="52077e3a-9547-4fbf-bfcc-1c2ce247525f">
    </UnitTestResult>
    <UnitTestResult executionId="48961090-9b8a-42e5-a057-122e0ba9c869" testId="eb0d91af-82a7-6a3a-44d0-f0ec78821f53" testName="When_IsMorningAndOrder123_Then_ReturnEggsToastCoffee" computerName="PCSOR331" duration="00:00:00.0568896" startTime="2015-03-18T19:21:44.5751447-03:00" endTime="2015-03-18T19:21:44.6376462-03:00" testType="13cdc9d9-ddb5-4fa4-a97d-d965ccfc6d4b" outcome="Failed" testListId="8c84fa94-04c1-424b-9868-57a2d4851a1d" relativeResultsDirectory="48961090-9b8a-42e5-a057-122e0ba9c869">
      <Output>
        <ErrorInfo>
          <Message>Assert.AreEqual failed. Expected:&lt;eggs, toast, coffeex&gt;. Actual:&lt;eggs, toast, coffee&gt;. </Message>
          <StackTrace>   at Praticum.Tests.InOrderToValidateMorningOrders.When_IsMorningAndOrder123_Then_ReturnEggsToastCoffee() in c:\Projetos\Grosvenor\Praticum\Praticum\Praticum.Tests\InOrderToValidateMorningOrders.cs:line 24
</StackTrace>
        </ErrorInfo>
      </Output>
    </UnitTestResult>
    <UnitTestResult executionId="04561c48-4083-4894-9ba2-c8987f50a8ed" testId="471da420-249d-8cc6-4731-bf2f6614b3c2" testName="When_IsMorningAndOrder12333_Then_ReturnEggsToastCoffee3Times" computerName="PCSOR331" duration="00:00:00.0001632" startTime="2015-03-18T19:21:44.6376462-03:00" endTime="2015-03-18T19:21:44.6376462-03:00" testType="13cdc9d9-ddb5-4fa4-a97d-d965ccfc6d4b" outcome="Passed" testListId="8c84fa94-04c1-424b-9868-57a2d4851a1d" relativeResultsDirectory="04561c48-4083-4894-9ba2-c8987f50a8ed">
    </UnitTestResult>
    <UnitTestResult executionId="2b41759c-2d02-4ae9-a92f-8bbdad838057" testId="d590dfd1-8fa7-f5ec-9b0e-438c582f795a" testName="When_IsMorningAndOrder1234_Then_ReturnEggsToastCoffeeError" computerName="PCSOR331" duration="00:00:00.0001491" startTime="2015-03-18T19:21:44.6376462-03:00" endTime="2015-03-18T19:21:44.6376462-03:00" testType="13cdc9d9-ddb5-4fa4-a97d-d965ccfc6d4b" outcome="Passed" testListId="8c84fa94-04c1-424b-9868-57a2d4851a1d" relativeResultsDirectory="2b41759c-2d02-4ae9-a92f-8bbdad838057">
    </UnitTestResult>
    <UnitTestResult executionId="c68e509f-4abe-42ee-917f-a22b7b974c75" testId="6446eb85-c84b-7f5c-9491-b07980bb1cdc" testName="When_IsMorningAndOrder213_Then_ReturnEggsToastCoffee" computerName="PCSOR331" duration="00:00:00.0001610" startTime="2015-03-18T19:21:44.6376462-03:00" endTime="2015-03-18T19:21:44.6376462-03:00" testType="13cdc9d9-ddb5-4fa4-a97d-d965ccfc6d4b" outcome="Passed" testListId="8c84fa94-04c1-424b-9868-57a2d4851a1d" relativeResultsDirectory="c68e509f-4abe-42ee-917f-a22b7b974c75">
    </UnitTestResult>
    <UnitTestResult executionId="3c484ce3-1c3d-48f4-aa5f-ea7de997ecea" testId="77c918b4-2903-f5f9-3357-e8491cde15df" testName="RepeatedPotatoOrderedNightTest" computerName="PCSOR331" duration="00:00:00.0004836" startTime="2015-03-18T19:21:44.6376462-03:00" endTime="2015-03-18T19:21:44.6532634-03:00" testType="13cdc9d9-ddb5-4fa4-a97d-d965ccfc6d4b" outcome="Passed" testListId="8c84fa94-04c1-424b-9868-57a2d4851a1d" relativeResultsDirectory="3c484ce3-1c3d-48f4-aa5f-ea7de997ecea">
    </UnitTestResult>
    <UnitTestResult executionId="0b83a6d4-1825-4d03-bc20-07d01c2e9c7b" testId="6a22d16e-444e-b70d-c09f-b2b85989c62d" testName="RepeatedSteakOrderedNightErrorTest" computerName="PCSOR331" duration="00:00:00.0001478" startTime="2015-03-18T19:21:44.6532634-03:00" endTime="2015-03-18T19:21:44.6532634-03:00" testType="13cdc9d9-ddb5-4fa4-a97d-d965ccfc6d4b" outcome="Passed" testListId="8c84fa94-04c1-424b-9868-57a2d4851a1d" relativeResultsDirectory="0b83a6d4-1825-4d03-bc20-07d01c2e9c7b">
    </UnitTestResult>
    <UnitTestResult executionId="bf193b68-ae17-4dad-bfbb-32ec23b1d6bb" testId="3da75b6a-308c-95cc-2c27-37973a12a4fb" testName="RepeatedWineOrderedNightErrorTest" computerName="PCSOR331" duration="00:00:00.0001651" startTime="2015-03-18T19:21:44.6532634-03:00" endTime="2015-03-18T19:21:44.6532634-03:00" testType="13cdc9d9-ddb5-4fa4-a97d-d965ccfc6d4b" outcome="Passed" testListId="8c84fa94-04c1-424b-9868-57a2d4851a1d" relativeResultsDirectory="bf193b68-ae17-4dad-bfbb-32ec23b1d6bb">
    </UnitTestResult>
    <UnitTestResult executionId="79b5f49a-771c-45bc-bf54-5fc3ea149cca" testId="c21e4aa6-d44b-402b-e3c0-d2569c57175c" testName="UnrepeatedOrderedNightErrorTest" computerName="PCSOR331" duration="00:00:00.0001529" startTime="2015-03-18T19:21:44.6532634-03:00" endTime="2015-03-18T19:21:44.6532634-03:00" testType="13cdc9d9-ddb5-4fa4-a97d-d965ccfc6d4b" outcome="Passed" testListId="8c84fa94-04c1-424b-9868-57a2d4851a1d" relativeResultsDirectory="79b5f49a-771c-45bc-bf54-5fc3ea149cca">
    </UnitTestResult>
    <UnitTestResult executionId="a044d158-41ae-405f-b76a-db37712b424c" testId="ff297ed4-63fd-ce82-d966-cc1c01647b2e" testName="When_IsNightAndOrder1234_Then_ReturnSteakPotatoWineCake" computerName="PCSOR331" duration="00:00:00.0001475" startTime="2015-03-18T19:21:44.6532634-03:00" endTime="2015-03-18T19:21:44.6532634-03:00" testType="13cdc9d9-ddb5-4fa4-a97d-d965ccfc6d4b" outcome="Passed" testListId="8c84fa94-04c1-424b-9868-57a2d4851a1d" relativeResultsDirectory="a044d158-41ae-405f-b76a-db37712b424c">
    </UnitTestResult>
  </Results>
</TestRun>