<?xml version="1.0" encoding="UTF-8"?>
<TestRun id="448110e5-7111-4e7b-aa3e-a572987e42ff" name="loli@PCSOR331 2015-03-18 19:20:13" runUser="GFT\loli" xmlns="http://microsoft.com/schemas/VisualStudio/TeamTest/2010">
  <TestSettings name="Default Test Settings" id="d04f3838-7037-4e4b-bf26-41d3d973bd76">
    <Execution>
      <TestTypeSpecific />
      <AgentRule name="Execution Agents">
      </AgentRule>
    </Execution>
    <Deployment runDeploymentRoot="loli_PCSOR331 2015-03-18 19_20_13" />
    <Properties />
  </TestSettings>
  <Times creation="2015-03-18T19:20:13.7812653-03:00" queuing="2015-03-18T19:20:15.0952804-03:00" start="2015-03-18T19:20:15.1734033-03:00" finish="2015-03-18T19:20:16.1265161-03:00" />
  <ResultSummary outcome="Failed">
    <Counters total="10" executed="10" passed="9" error="0" failed="1" timeout="0" aborted="0" inconclusive="0" passedButRunAborted="0" notRunnable="0" notExecuted="0" disconnected="0" warning="0" completed="0" inProgress="0" pending="0" />
  </ResultSummary>
  <TestDefinitions>
    <UnitTest name="UnrepeatedOrderedNightErrorTest" storage="c:\projetos\grosvenor\praticum\praticum\praticum.tests\bin\release\praticum.tests.dll" id="c21e4aa6-d44b-402b-e3c0-d2569c57175c">
      <Execution id="dc3ae5ff-e623-4c78-b840-0350c1936e96" />
      <TestMethod codeBase="C:/Projetos/Grosvenor/Praticum/Praticum/Praticum.Tests/bin/Release/Praticum.Tests.DLL" adapterTypeName="Microsoft.VisualStudio.TestTools.TestTypes.Unit.UnitTestAdapter, Microsoft.VisualStudio.QualityTools.Tips.UnitTest.Adapter, Version=12.0.0.0, Culture=neutral, PublicKeyToken=b03f5f7f11d50a3a" className="Praticum.Tests.InOrderToValidateNightOrders, Praticum.Tests, Version=1.0.0.0, Culture=neutral, PublicKeyToken=null" name="UnrepeatedOrderedNightErrorTest" />
    </UnitTest>
    <UnitTest name="When_IsMorningAndOrder123_Then_ReturnEggsToastCoffee" storage="c:\projetos\grosvenor\praticum\praticum\praticum.tests\bin\release\praticum.tests.dll" id="eb0d91af-82a7-6a3a-44d0-f0ec78821f53">
      <Execution id="be910b8c-b69b-484b-b768-f03e48420790" />
      <TestMethod codeBase="C:/Projetos/Grosvenor/Praticum/Praticum/Praticum.Tests/bin/Release/Praticum.Tests.DLL" adapterTypeName="Microsoft.VisualStudio.TestTools.TestTypes.Unit.UnitTestAdapter, Microsoft.VisualStudio.QualityTools.Tips.UnitTest.Adapter, Version=12.0.0.0, Culture=neutral, PublicKeyToken=b03f5f7f11d50a3a" className="Praticum.Tests.InOrderToValidateMorningOrders, Praticum.Tests, Version=1.0.0.0, Culture=neutral, PublicKeyToken=null" name="When_IsMorningAndOrder123_Then_ReturnEggsToastCoffee" />
    </UnitTest>
    <UnitTest name="When_IsMorningAndOrder12333_Then_ReturnEggsToastCoffee3Times" storage="c:\projetos\grosvenor\praticum\praticum\praticum.tests\bin\release\praticum.tests.dll" id="471da420-249d-8cc6-4731-bf2f6614b3c2">
      <Execution id="3d22d60f-4fab-4062-bd11-9e403c98f6a9" />
      <TestMethod codeBase="C:/Projetos/Grosvenor/Praticum/Praticum/Praticum.Tests/bin/Release/Praticum.Tests.DLL" adapterTypeName="Microsoft.VisualStudio.TestTools.TestTypes.Unit.UnitTestAdapter, Microsoft.VisualStudio.QualityTools.Tips.UnitTest.Adapter, Version=12.0.0.0, Culture=neutral, PublicKeyToken=b03f5f7f11d50a3a" className="Praticum.Tests.InOrderToValidateMorningOrders, Praticum.Tests, Version=1.0.0.0, Culture=neutral, PublicKeyToken=null" name="When_IsMorningAndOrder12333_Then_ReturnEggsToastCoffee3Times" />
    </UnitTest>
    <UnitTest name="RepeatedWineOrderedNightErrorTest" storage="c:\projetos\grosvenor\praticum\praticum\praticum.tests\bin\release\praticum.tests.dll" id="3da75b6a-308c-95cc-2c27-37973a12a4fb">
      <Execution id="e6fccc0f-590e-407f-b3db-9c409f5b3832" />
      <TestMethod codeBase="C:/Projetos/Grosvenor/Praticum/Praticum/Praticum.Tests/bin/Release/Praticum.Tests.DLL" adapterTypeName="Microsoft.VisualStudio.TestTools.TestTypes.Unit.UnitTestAdapter, Microsoft.VisualStudio.QualityTools.Tips.UnitTest.Adapter, Version=12.0.0.0, Culture=neutral, PublicKeyToken=b03f5f7f11d50a3a" className="Praticum.Tests.InOrderToValidateNightOrders, Praticum.Tests, Version=1.0.0.0, Culture=neutral, PublicKeyToken=null" name="RepeatedWineOrderedNightErrorTest" />
    </UnitTest>
    <UnitTest name="When_IsMorningAndOrder12233_Then_ReturnEggsToastError" storage="c:\projetos\grosvenor\praticum\praticum\praticum.tests\bin\release\praticum.tests.dll" id="c4c31601-82eb-599e-5516-d0af4bc4946c">
      <Execution id="a262d352-72b3-4872-bf87-452f9f197b9f" />
      <TestMethod codeBase="C:/Projetos/Grosvenor/Praticum/Praticum/Praticum.Tests/bin/Release/Praticum.Tests.DLL" adapterTypeName="Microsoft.VisualStudio.TestTools.TestTypes.Unit.UnitTestAdapter, Microsoft.VisualStudio.QualityTools.Tips.UnitTest.Adapter, Version=12.0.0.0, Culture=neutral, PublicKeyToken=b03f5f7f11d50a3a" className="Praticum.Tests.InOrderToValidateMorningOrders, Praticum.Tests, Version=1.0.0.0, Culture=neutral, PublicKeyToken=null" name="When_IsMorningAndOrder12233_Then_ReturnEggsToastError" />
    </UnitTest>
    <UnitTest name="RepeatedPotatoOrderedNightTest" storage="c:\projetos\grosvenor\praticum\praticum\praticum.tests\bin\release\praticum.tests.dll" id="77c918b4-2903-f5f9-3357-e8491cde15df">
      <Execution id="753525f0-be4b-49fd-8215-6bff15553bc8" />
      <TestMethod codeBase="C:/Projetos/Grosvenor/Praticum/Praticum/Praticum.Tests/bin/Release/Praticum.Tests.DLL" adapterTypeName="Microsoft.VisualStudio.TestTools.TestTypes.Unit.UnitTestAdapter, Microsoft.VisualStudio.QualityTools.Tips.UnitTest.Adapter, Version=12.0.0.0, Culture=neutral, PublicKeyToken=b03f5f7f11d50a3a" className="Praticum.Tests.InOrderToValidateNightOrders, Praticum.Tests, Version=1.0.0.0, Culture=neutral, PublicKeyToken=null" name="RepeatedPotatoOrderedNightTest" />
    </UnitTest>
    <UnitTest name="When_IsMorningAndOrder213_Then_ReturnEggsToastCoffee" storage="c:\projetos\grosvenor\praticum\praticum\praticum.tests\bin\release\praticum.tests.dll" id="6446eb85-c84b-7f5c-9491-b07980bb1cdc">
      <Execution id="c92cd804-2a15-4d00-b249-7c315097eb21" />
      <TestMethod codeBase="C:/Projetos/Grosvenor/Praticum/Praticum/Praticum.Tests/bin/Release/Praticum.Tests.DLL" adapterTypeName="Microsoft.VisualStudio.TestTools.TestTypes.Unit.UnitTestAdapter, Microsoft.VisualStudio.QualityTools.Tips.UnitTest.Adapter, Version=12.0.0.0, Culture=neutral, PublicKeyToken=b03f5f7f11d50a3a" className="Praticum.Tests.InOrderToValidateMorningOrders, Praticum.Tests, Version=1.0.0.0, Culture=neutral, PublicKeyToken=null" name="When_IsMorningAndOrder213_Then_ReturnEggsToastCoffee" />
    </UnitTest>
    <UnitTest name="When_IsMorningAndOrder1234_Then_ReturnEggsToastCoffeeError" storage="c:\projetos\grosvenor\praticum\praticum\praticum.tests\bin\release\praticum.tests.dll" id="d590dfd1-8fa7-f5ec-9b0e-438c582f795a">
      <Execution id="3b2e2e29-1941-4dfa-9b0d-f9d376dc30f9" />
      <TestMethod codeBase="C:/Projetos/Grosvenor/Praticum/Praticum/Praticum.Tests/bin/Release/Praticum.Tests.DLL" adapterTypeName="Microsoft.VisualStudio.TestTools.TestTypes.Unit.UnitTestAdapter, Microsoft.VisualStudio.QualityTools.Tips.UnitTest.Adapter, Version=12.0.0.0, Culture=neutral, PublicKeyToken=b03f5f7f11d50a3a" className="Praticum.Tests.InOrderToValidateMorningOrders, Praticum.Tests, Version=1.0.0.0, Culture=neutral, PublicKeyToken=null" name="When_IsMorningAndOrder1234_Then_ReturnEggsToastCoffeeError" />
    </UnitTest>
    <UnitTest name="When_IsNightAndOrder1234_Then_ReturnSteakPotatoWineCake" storage="c:\projetos\grosvenor\praticum\praticum\praticum.tests\bin\release\praticum.tests.dll" id="ff297ed4-63fd-ce82-d966-cc1c01647b2e">
      <Execution id="77b471fc-f81b-4152-8bef-dea22097e165" />
      <TestMethod codeBase="C:/Projetos/Grosvenor/Praticum/Praticum/Praticum.Tests/bin/Release/Praticum.Tests.DLL" adapterTypeName="Microsoft.VisualStudio.TestTools.TestTypes.Unit.UnitTestAdapter, Microsoft.VisualStudio.QualityTools.Tips.UnitTest.Adapter, Version=12.0.0.0, Culture=neutral, PublicKeyToken=b03f5f7f11d50a3a" className="Praticum.Tests.InOrderToValidateNightOrders, Praticum.Tests, Version=1.0.0.0, Culture=neutral, PublicKeyToken=null" name="When_IsNightAndOrder1234_Then_ReturnSteakPotatoWineCake" />
    </UnitTest>
    <UnitTest name="RepeatedSteakOrderedNightErrorTest" storage="c:\projetos\grosvenor\praticum\praticum\praticum.tests\bin\release\praticum.tests.dll" id="6a22d16e-444e-b70d-c09f-b2b85989c62d">
      <Execution id="f8475a49-c82f-431f-99c5-ff1d4d91db80" />
      <TestMethod codeBase="C:/Projetos/Grosvenor/Praticum/Praticum/Praticum.Tests/bin/Release/Praticum.Tests.DLL" adapterTypeName="Microsoft.VisualStudio.TestTools.TestTypes.Unit.UnitTestAdapter, Microsoft.VisualStudio.QualityTools.Tips.UnitTest.Adapter, Version=12.0.0.0, Culture=neutral, PublicKeyToken=b03f5f7f11d50a3a" className="Praticum.Tests.InOrderToValidateNightOrders, Praticum.Tests, Version=1.0.0.0, Culture=neutral, PublicKeyToken=null" name="RepeatedSteakOrderedNightErrorTest" />
    </UnitTest>
  </TestDefinitions>
  <TestLists>
    <TestList name="Results Not in a List" id="8c84fa94-04c1-424b-9868-57a2d4851a1d" />
    <TestList name="All Loaded Results" id="19431567-8539-422a-85d7-44ee4e166bda" />
  </TestLists>
  <TestEntries>
    <TestEntry testId="c4c31601-82eb-599e-5516-d0af4bc4946c" executionId="a262d352-72b3-4872-bf87-452f9f197b9f" testListId="8c84fa94-04c1-424b-9868-57a2d4851a1d" />
    <TestEntry testId="eb0d91af-82a7-6a3a-44d0-f0ec78821f53" executionId="be910b8c-b69b-484b-b768-f03e48420790" testListId="8c84fa94-04c1-424b-9868-57a2d4851a1d" />
    <TestEntry testId="471da420-249d-8cc6-4731-bf2f6614b3c2" executionId="3d22d60f-4fab-4062-bd11-9e403c98f6a9" testListId="8c84fa94-04c1-424b-9868-57a2d4851a1d" />
    <TestEntry testId="d590dfd1-8fa7-f5ec-9b0e-438c582f795a" executionId="3b2e2e29-1941-4dfa-9b0d-f9d376dc30f9" testListId="8c84fa94-04c1-424b-9868-57a2d4851a1d" />
    <TestEntry testId="6446eb85-c84b-7f5c-9491-b07980bb1cdc" executionId="c92cd804-2a15-4d00-b249-7c315097eb21" testListId="8c84fa94-04c1-424b-9868-57a2d4851a1d" />
    <TestEntry testId="77c918b4-2903-f5f9-3357-e8491cde15df" executionId="753525f0-be4b-49fd-8215-6bff15553bc8" testListId="8c84fa94-04c1-424b-9868-57a2d4851a1d" />
    <TestEntry testId="6a22d16e-444e-b70d-c09f-b2b85989c62d" executionId="f8475a49-c82f-431f-99c5-ff1d4d91db80" testListId="8c84fa94-04c1-424b-9868-57a2d4851a1d" />
    <TestEntry testId="3da75b6a-308c-95cc-2c27-37973a12a4fb" executionId="e6fccc0f-590e-407f-b3db-9c409f5b3832" testListId="8c84fa94-04c1-424b-9868-57a2d4851a1d" />
    <TestEntry testId="c21e4aa6-d44b-402b-e3c0-d2569c57175c" executionId="dc3ae5ff-e623-4c78-b840-0350c1936e96" testListId="8c84fa94-04c1-424b-9868-57a2d4851a1d" />
    <TestEntry testId="ff297ed4-63fd-ce82-d966-cc1c01647b2e" executionId="77b471fc-f81b-4152-8bef-dea22097e165" testListId="8c84fa94-04c1-424b-9868-57a2d4851a1d" />
  </TestEntries>
  <Results>
    <UnitTestResult executionId="a262d352-72b3-4872-bf87-452f9f197b9f" testId="c4c31601-82eb-599e-5516-d0af4bc4946c" testName="When_IsMorningAndOrder12233_Then_ReturnEggsToastError" computerName="PCSOR331" duration="00:00:00.0505168" startTime="2015-03-18T19:20:15.3921314-03:00" endTime="2015-03-18T19:20:15.9858964-03:00" testType="13cdc9d9-ddb5-4fa4-a97d-d965ccfc6d4b" outcome="Passed" testListId="8c84fa94-04c1-424b-9868-57a2d4851a1d" relativeResultsDirectory="a262d352-72b3-4872-bf87-452f9f197b9f">
    </UnitTestResult>
    <UnitTestResult executionId="be910b8c-b69b-484b-b768-f03e48420790" testId="eb0d91af-82a7-6a3a-44d0-f0ec78821f53" testName="When_IsMorningAndOrder123_Then_ReturnEggsToastCoffee" computerName="PCSOR331" duration="00:00:00.0749530" startTime="2015-03-18T19:20:15.9858964-03:00" endTime="2015-03-18T19:20:16.0640200-03:00" testType="13cdc9d9-ddb5-4fa4-a97d-d965ccfc6d4b" outcome="Failed" testListId="8c84fa94-04c1-424b-9868-57a2d4851a1d" relativeResultsDirectory="be910b8c-b69b-484b-b768-f03e48420790">
      <Output>
        <ErrorInfo>
          <Message>Assert.AreEqual failed. Expected:&lt;eggs, toast, coffeex&gt;. Actual:&lt;eggs, toast, coffee&gt;. </Message>
          <StackTrace>   at Praticum.Tests.InOrderToValidateMorningOrders.When_IsMorningAndOrder123_Then_ReturnEggsToastCoffee() in c:\Projetos\Grosvenor\Praticum\Praticum\Praticum.Tests\InOrderToValidateMorningOrders.cs:line 24
</StackTrace>
        </ErrorInfo>
      </Output>
    </UnitTestResult>
    <UnitTestResult executionId="3d22d60f-4fab-4062-bd11-9e403c98f6a9" testId="471da420-249d-8cc6-4731-bf2f6614b3c2" testName="When_IsMorningAndOrder12333_Then_ReturnEggsToastCoffee3Times" computerName="PCSOR331" duration="00:00:00.0002299" startTime="2015-03-18T19:20:16.0640200-03:00" endTime="2015-03-18T19:20:16.0640200-03:00" testType="13cdc9d9-ddb5-4fa4-a97d-d965ccfc6d4b" outcome="Passed" testListId="8c84fa94-04c1-424b-9868-57a2d4851a1d" relativeResultsDirectory="3d22d60f-4fab-4062-bd11-9e403c98f6a9">
    </UnitTestResult>
    <UnitTestResult executionId="3b2e2e29-1941-4dfa-9b0d-f9d376dc30f9" testId="d590dfd1-8fa7-f5ec-9b0e-438c582f795a" testName="When_IsMorningAndOrder1234_Then_ReturnEggsToastCoffeeError" computerName="PCSOR331" duration="00:00:00.0002241" startTime="2015-03-18T19:20:16.0640200-03:00" endTime="2015-03-18T19:20:16.0640200-03:00" testType="13cdc9d9-ddb5-4fa4-a97d-d965ccfc6d4b" outcome="Passed" testListId="8c84fa94-04c1-424b-9868-57a2d4851a1d" relativeResultsDirectory="3b2e2e29-1941-4dfa-9b0d-f9d376dc30f9">
    </UnitTestResult>
    <UnitTestResult executionId="c92cd804-2a15-4d00-b249-7c315097eb21" testId="6446eb85-c84b-7f5c-9491-b07980bb1cdc" testName="When_IsMorningAndOrder213_Then_ReturnEggsToastCoffee" computerName="PCSOR331" duration="00:00:00.0002075" startTime="2015-03-18T19:20:16.0640200-03:00" endTime="2015-03-18T19:20:16.0640200-03:00" testType="13cdc9d9-ddb5-4fa4-a97d-d965ccfc6d4b" outcome="Passed" testListId="8c84fa94-04c1-424b-9868-57a2d4851a1d" relativeResultsDirectory="c92cd804-2a15-4d00-b249-7c315097eb21">
    </UnitTestResult>
    <UnitTestResult executionId="753525f0-be4b-49fd-8215-6bff15553bc8" testId="77c918b4-2903-f5f9-3357-e8491cde15df" testName="RepeatedPotatoOrderedNightTest" computerName="PCSOR331" duration="00:00:00.0006215" startTime="2015-03-18T19:20:16.0640200-03:00" endTime="2015-03-18T19:20:16.0640200-03:00" testType="13cdc9d9-ddb5-4fa4-a97d-d965ccfc6d4b" outcome="Passed" testListId="8c84fa94-04c1-424b-9868-57a2d4851a1d" relativeResultsDirectory="753525f0-be4b-49fd-8215-6bff15553bc8">
    </UnitTestResult>
    <UnitTestResult executionId="f8475a49-c82f-431f-99c5-ff1d4d91db80" testId="6a22d16e-444e-b70d-c09f-b2b85989c62d" testName="RepeatedSteakOrderedNightErrorTest" computerName="PCSOR331" duration="00:00:00.0002065" startTime="2015-03-18T19:20:16.0796234-03:00" endTime="2015-03-18T19:20:16.0796234-03:00" testType="13cdc9d9-ddb5-4fa4-a97d-d965ccfc6d4b" outcome="Passed" testListId="8c84fa94-04c1-424b-9868-57a2d4851a1d" relativeResultsDirectory="f8475a49-c82f-431f-99c5-ff1d4d91db80">
    </UnitTestResult>
    <UnitTestResult executionId="e6fccc0f-590e-407f-b3db-9c409f5b3832" testId="3da75b6a-308c-95cc-2c27-37973a12a4fb" testName="RepeatedWineOrderedNightErrorTest" computerName="PCSOR331" duration="00:00:00.0002049" startTime="2015-03-18T19:20:16.0796234-03:00" endTime="2015-03-18T19:20:16.0796234-03:00" testType="13cdc9d9-ddb5-4fa4-a97d-d965ccfc6d4b" outcome="Passed" testListId="8c84fa94-04c1-424b-9868-57a2d4851a1d" relativeResultsDirectory="e6fccc0f-590e-407f-b3db-9c409f5b3832">
    </UnitTestResult>
    <UnitTestResult executionId="dc3ae5ff-e623-4c78-b840-0350c1936e96" testId="c21e4aa6-d44b-402b-e3c0-d2569c57175c" testName="UnrepeatedOrderedNightErrorTest" computerName="PCSOR331" duration="00:00:00.0001972" startTime="2015-03-18T19:20:16.0796234-03:00" endTime="2015-03-18T19:20:16.0796234-03:00" testType="13cdc9d9-ddb5-4fa4-a97d-d965ccfc6d4b" outcome="Passed" testListId="8c84fa94-04c1-424b-9868-57a2d4851a1d" relativeResultsDirectory="dc3ae5ff-e623-4c78-b840-0350c1936e96">
    </UnitTestResult>
    <UnitTestResult executionId="77b471fc-f81b-4152-8bef-dea22097e165" testId="ff297ed4-63fd-ce82-d966-cc1c01647b2e" testName="When_IsNightAndOrder1234_Then_ReturnSteakPotatoWineCake" computerName="PCSOR331" duration="00:00:00.0002254" startTime="2015-03-18T19:20:16.0796234-03:00" endTime="2015-03-18T19:20:16.0796234-03:00" testType="13cdc9d9-ddb5-4fa4-a97d-d965ccfc6d4b" outcome="Passed" testListId="8c84fa94-04c1-424b-9868-57a2d4851a1d" relativeResultsDirectory="77b471fc-f81b-4152-8bef-dea22097e165">
    </UnitTestResult>
  </Results>
</TestRun>